

Microchip MPLAB XC8 Assembler V2.20 build 20200408173844 
                                                                                               Tue Sep 08 23:15:30 2020

Microchip MPLAB XC8 C Compiler v2.20 (Free license) build 20200408173844 Og1 
     1                           	processor	18F4550
     2                           	fnconf	rparam,??,?,0
     3                           	pagewidth 120
     4                           	opt	flic
     5                           	psect	cinit,global,reloc=2,class=CODE,delta=1
     6                           	psect	cstackCOMRAM,global,class=COMRAM,space=1,delta=1,lowdata,noexec
     7                           	psect	text0,global,reloc=2,class=CODE,delta=1
     8                           	psect	text1,global,reloc=2,class=CODE,delta=1,group=1
     9                           	psect	text2,global,reloc=2,class=CODE,delta=1,group=1
    10                           	psect	text3,global,reloc=2,class=CODE,delta=1,group=1
    11                           	psect	text4,global,reloc=2,class=CODE,delta=1,group=1
    12                           	psect	intsave_regs,global,class=BIGRAM,space=1,delta=1,noexec
    13                           	psect	rparam,global,class=COMRAM,space=1,delta=1,noexec
    14                           	psect	idloc,global,abs,ovrld,class=IDLOC,space=5,delta=1,noexec
    15                           	psect	config,global,abs,ovrld,class=CONFIG,space=4,delta=1,noexec
    16  0000                     
    17                           ; Version 2.20
    18                           ; Generated 12/02/2020 GMT
    19                           ; 
    20                           ; Copyright © 2020, Microchip Technology Inc. and its subsidiaries ("Microchip")
    21                           ; All rights reserved.
    22                           ; 
    23                           ; This software is developed by Microchip Technology Inc. and its subsidiaries ("Microch
      +                          ip").
    24                           ; 
    25                           ; Redistribution and use in source and binary forms, with or without modification, are
    26                           ; permitted provided that the following conditions are met:
    27                           ; 
    28                           ;     1. Redistributions of source code must retain the above copyright notice, this lis
      +                          t of
    29                           ;        conditions and the following disclaimer.
    30                           ; 
    31                           ;     2. Redistributions in binary form must reproduce the above copyright notice, this 
      +                          list
    32                           ;        of conditions and the following disclaimer in the documentation and/or other
    33                           ;        materials provided with the distribution.
    34                           ; 
    35                           ;     3. Microchip's name may not be used to endorse or promote products derived from th
      +                          is
    36                           ;        software without specific prior written permission.
    37                           ; 
    38                           ; THIS SOFTWARE IS PROVIDED BY MICROCHIP "AS IS" AND ANY EXPRESS OR IMPLIED WARRANTIES,
    39                           ; INCLUDING, BUT NOT LIMITED TO, THE IMPLIED WARRANTIES OF MERCHANTABILITY AND FITNESS F
      +                          OR
    40                           ; PURPOSE ARE DISCLAIMED.  IN NO EVENT SHALL MICROCHIP BE LIABLE FOR ANY DIRECT, INDIREC
      +                          T,
    41                           ; INCIDENTAL, SPECIAL, EXEMPLARY, OR CONSEQUENTIAL DAMAGES (INCLUDING BUT NOT LIMITED TO
    42                           ; PROCUREMENT OF SUBSTITUTE GOODS OR SERVICES; LOSS OF USE, DATA OR PROFITS; OR BUSINESS
    43                           ; INTERRUPTION) HOWSOEVER CAUSED AND ON ANY THEORY OF LIABILITY, WHETHER IN CONTRACT, ST
      +                          RICT
    44                           ; LIABILITY, OR TORT (INCLUDING NEGLIGENCE OR OTHERWISE) ARISING IN ANY WAY OUT OF THE U
      +                          SE OF
    45                           ; THIS SOFTWARE, EVEN IF ADVISED OF THE POSSIBILITY OF SUCH DAMAGE.
    46                           ; 
    47                           ; 
    48                           ; Code-generator required, PIC18F4550 Definitions
    49                           ; 
    50                           ; SFR Addresses
    51  0000                     _PORTCbits	set	3970
    52  0000                     _PORTAbits	set	3968
    53  0000                     _ADRESL	set	4035
    54  0000                     _ADRESH	set	4036
    55  0000                     _ADCON0bits	set	4034
    56  0000                     _ADCON2	set	4032
    57  0000                     _ADCON0	set	4034
    58  0000                     _ADCON1	set	4033
    59  0000                     _PORTC	set	3970
    60  0000                     _PORTD	set	3971
    61  0000                     _PORTA	set	3968
    62  0000                     _TRISC	set	3988
    63  0000                     _TRISD	set	3989
    64  0000                     _TRISA	set	3986
    65  0000                     _OSCCONbits	set	4051
    66                           
    67                           ; #config settings
    68                           
    69                           	psect	cinit
    70  007A7E                     __pcinit:
    71                           	callstack 0
    72  007A7E                     start_initialization:
    73                           	callstack 0
    74  007A7E                     __initialization:
    75                           	callstack 0
    76  007A7E                     end_of_initialization:
    77                           	callstack 0
    78  007A7E                     __end_of__initialization:
    79                           	callstack 0
    80  007A7E  0100               	movlb	0
    81  007A80  EF14  F03F         	goto	_main	;jump to C main() function
    82                           
    83                           	psect	cstackCOMRAM
    84  000001                     __pcstackCOMRAM:
    85                           	callstack 0
    86  000001                     ?___wmul:
    87                           	callstack 0
    88  000001                     ?___fltol:
    89                           	callstack 0
    90  000001                     ___wmul@multiplier:
    91                           	callstack 0
    92  000001                     ___fltol@f1:
    93                           	callstack 0
    94                           
    95                           ; 4 bytes @ 0x0
    96  000001                     	ds	2
    97  000003                     ___wmul@multiplicand:
    98                           	callstack 0
    99                           
   100                           ; 2 bytes @ 0x2
   101  000003                     	ds	2
   102  000005                     ??___fltol:
   103  000005                     ___wmul@product:
   104                           	callstack 0
   105                           
   106                           ; 2 bytes @ 0x4
   107  000005                     	ds	2
   108  000007                     ?___awdiv:
   109                           	callstack 0
   110  000007                     ___awdiv@dividend:
   111                           	callstack 0
   112                           
   113                           ; 2 bytes @ 0x6
   114  000007                     	ds	2
   115  000009                     ___fltol@sign1:
   116                           	callstack 0
   117  000009                     ___awdiv@divisor:
   118                           	callstack 0
   119                           
   120                           ; 2 bytes @ 0x8
   121  000009                     	ds	1
   122  00000A                     ___fltol@exp1:
   123                           	callstack 0
   124                           
   125                           ; 1 bytes @ 0x9
   126  00000A                     	ds	1
   127  00000B                     ___awdiv@counter:
   128                           	callstack 0
   129                           
   130                           ; 1 bytes @ 0xA
   131  00000B                     	ds	1
   132  00000C                     ___awdiv@sign:
   133                           	callstack 0
   134                           
   135                           ; 1 bytes @ 0xB
   136  00000C                     	ds	1
   137  00000D                     ___awdiv@quotient:
   138                           	callstack 0
   139                           
   140                           ; 2 bytes @ 0xC
   141  00000D                     	ds	2
   142  00000F                     ?___xxtofl:
   143                           	callstack 0
   144  00000F                     ___xxtofl@val:
   145                           	callstack 0
   146                           
   147                           ; 4 bytes @ 0xE
   148  00000F                     	ds	4
   149  000013                     ??___xxtofl:
   150                           
   151                           ; 1 bytes @ 0x12
   152  000013                     	ds	4
   153  000017                     ___xxtofl@sign:
   154                           	callstack 0
   155                           
   156                           ; 1 bytes @ 0x16
   157  000017                     	ds	1
   158  000018                     ___xxtofl@exp:
   159                           	callstack 0
   160                           
   161                           ; 1 bytes @ 0x17
   162  000018                     	ds	1
   163  000019                     ___xxtofl@arg:
   164                           	callstack 0
   165                           
   166                           ; 4 bytes @ 0x18
   167  000019                     	ds	4
   168  00001D                     ??_main:
   169                           
   170                           ; 1 bytes @ 0x1C
   171  00001D                     	ds	2
   172  00001F                     main@total:
   173                           	callstack 0
   174                           
   175                           ; 4 bytes @ 0x1E
   176  00001F                     	ds	4
   177  000023                     main@tot:
   178                           	callstack 0
   179                           
   180                           ; 4 bytes @ 0x22
   181  000023                     	ds	4
   182  000027                     main@ped:
   183                           	callstack 0
   184                           
   185                           ; 2 bytes @ 0x26
   186  000027                     	ds	2
   187  000029                     main@d:
   188                           	callstack 0
   189                           
   190                           ; 2 bytes @ 0x28
   191  000029                     	ds	2
   192  00002B                     main@peu:
   193                           	callstack 0
   194                           
   195                           ; 2 bytes @ 0x2A
   196  00002B                     	ds	2
   197  00002D                     main@rg:
   198                           	callstack 0
   199                           
   200                           ; 2 bytes @ 0x2C
   201  00002D                     	ds	2
   202                           
   203 ;;
   204 ;;Main: autosize = 0, tempsize = 2, incstack = 0, save=0
   205 ;;
   206 ;; *************** function _main *****************
   207 ;; Defined at:
   208 ;;		line 11 in file "newmain.c"
   209 ;; Parameters:    Size  Location     Type
   210 ;;		None
   211 ;; Auto vars:     Size  Location     Type
   212 ;;  tot             4   34[COMRAM] 
   213 ;;  total           4   30[COMRAM] 
   214 ;;  rg              2   44[COMRAM] int 
   215 ;;  peu             2   42[COMRAM] int 
   216 ;;  d               2   40[COMRAM] int 
   217 ;;  ped             2   38[COMRAM] int 
   218 ;; Return value:  Size  Location     Type
   219 ;;                  1    wreg      void 
   220 ;; Registers used:
   221 ;;		wreg, status,2, status,0, prodl, prodh, cstack
   222 ;; Tracked objects:
   223 ;;		On entry : 0/0
   224 ;;		On exit  : 0/0
   225 ;;		Unchanged: 0/0
   226 ;; Data sizes:     COMRAM   BANK0   BANK1   BANK2   BANK3   BANK4   BANK5   BANK6   BANK7
   227 ;;      Params:         0       0       0       0       0       0       0       0       0
   228 ;;      Locals:        16       0       0       0       0       0       0       0       0
   229 ;;      Temps:          2       0       0       0       0       0       0       0       0
   230 ;;      Totals:        18       0       0       0       0       0       0       0       0
   231 ;;Total ram usage:       18 bytes
   232 ;; Hardware stack levels required when called:    1
   233 ;; This function calls:
   234 ;;		___awdiv
   235 ;;		___fltol
   236 ;;		___wmul
   237 ;;		___xxtofl
   238 ;; This function is called by:
   239 ;;		Startup code after reset
   240 ;; This function uses a non-reentrant model
   241 ;;
   242                           
   243                           	psect	text0
   244  007E28                     __ptext0:
   245                           	callstack 0
   246  007E28                     _main:
   247                           	callstack 30
   248  007E28                     
   249                           ;newmain.c: 12:     OSCCONbits.IRCF = 0b111;
   250  007E28  0E70               	movlw	112
   251  007E2A  12D3               	iorwf	211,f,c	;volatile
   252                           
   253                           ;newmain.c: 13:     OSCCONbits.SCS = 0b10;
   254  007E2C  50D3               	movf	211,w,c	;volatile
   255  007E2E  0BFC               	andlw	-4
   256  007E30  0902               	iorlw	2
   257  007E32  6ED3               	movwf	211,c	;volatile
   258                           
   259                           ;newmain.c: 15:     TRISA=1;
   260  007E34  0E01               	movlw	1
   261  007E36  6E92               	movwf	146,c	;volatile
   262                           
   263                           ;newmain.c: 16:     TRISD = 0;
   264  007E38  0E00               	movlw	0
   265  007E3A  6E95               	movwf	149,c	;volatile
   266                           
   267                           ;newmain.c: 17:     TRISC=0;
   268  007E3C  0E00               	movlw	0
   269  007E3E  6E94               	movwf	148,c	;volatile
   270                           
   271                           ;newmain.c: 18:     PORTA = 0;
   272  007E40  0E00               	movlw	0
   273  007E42  6E80               	movwf	128,c	;volatile
   274                           
   275                           ;newmain.c: 19:     PORTD = 0;
   276  007E44  0E00               	movlw	0
   277  007E46  6E83               	movwf	131,c	;volatile
   278                           
   279                           ;newmain.c: 20:     PORTC = 0;
   280  007E48  0E00               	movlw	0
   281  007E4A  6E82               	movwf	130,c	;volatile
   282                           
   283                           ;newmain.c: 22:     ADCON1 = 0b00001110;
   284  007E4C  0E0E               	movlw	14
   285  007E4E  6EC1               	movwf	193,c	;volatile
   286                           
   287                           ;newmain.c: 23:     ADCON0 = 0b00000000;
   288  007E50  0E00               	movlw	0
   289  007E52  6EC2               	movwf	194,c	;volatile
   290                           
   291                           ;newmain.c: 24:     ADCON2 = 0b10010001;
   292  007E54  0E91               	movlw	145
   293  007E56  6EC0               	movwf	192,c	;volatile
   294  007E58                     
   295                           ;newmain.c: 25:     ADCON0bits.ADON = 1;
   296  007E58  80C2               	bsf	194,0,c	;volatile
   297  007E5A  0E00               	movlw	0
   298  007E5C  6E2C               	movwf	(main@peu+1)^0,c
   299  007E5E  0E00               	movlw	0
   300  007E60  6E2B               	movwf	main@peu^0,c
   301  007E62  0E00               	movlw	0
   302  007E64  6E28               	movwf	(main@ped+1)^0,c
   303  007E66  0E00               	movlw	0
   304  007E68  6E27               	movwf	main@ped^0,c
   305  007E6A  0E00               	movlw	0
   306  007E6C  6E2A               	movwf	(main@d+1)^0,c
   307  007E6E  0E00               	movlw	0
   308  007E70  6E29               	movwf	main@d^0,c
   309                           
   310                           ;newmain.c: 27:     double total=0.0,tot=0.0;
   311  007E72  0E00               	movlw	0
   312  007E74  6E1F               	movwf	main@total^0,c
   313  007E76  0E00               	movlw	0
   314  007E78  6E20               	movwf	(main@total+1)^0,c
   315  007E7A  0E00               	movlw	0
   316  007E7C  6E21               	movwf	(main@total+2)^0,c
   317  007E7E  0E00               	movlw	0
   318  007E80  6E22               	movwf	(main@total+3)^0,c
   319  007E82  0E00               	movlw	0
   320  007E84  6E23               	movwf	main@tot^0,c
   321  007E86  0E00               	movlw	0
   322  007E88  6E24               	movwf	(main@tot+1)^0,c
   323  007E8A  0E00               	movlw	0
   324  007E8C  6E25               	movwf	(main@tot+2)^0,c
   325  007E8E  0E00               	movlw	0
   326  007E90  6E26               	movwf	(main@tot+3)^0,c
   327  007E92                     l1039:
   328                           
   329                           ;newmain.c: 29:         ADCON0bits.GO_DONE=1;
   330  007E92  82C2               	bsf	194,1,c	;volatile
   331                           
   332                           ;newmain.c: 30:         while(ADCON0bits.GO_DONE){
   333  007E94  EFF5  F03F         	goto	l1067
   334  007E98                     l1041:
   335                           
   336                           ;newmain.c: 31:             rg=(ADRESH<<8)+ADRESL;
   337  007E98  50C4               	movf	196,w,c	;volatile
   338  007E9A  6E1E               	movwf	(??_main+1)^0,c
   339  007E9C  6A1D               	clrf	??_main^0,c
   340  007E9E  50C3               	movf	195,w,c	;volatile
   341  007EA0  241D               	addwf	??_main^0,w,c
   342  007EA2  6E2D               	movwf	main@rg^0,c
   343  007EA4  0E00               	movlw	0
   344  007EA6  201E               	addwfc	(??_main+1)^0,w,c
   345  007EA8  6E2E               	movwf	(main@rg+1)^0,c
   346                           
   347                           ;newmain.c: 32:             if(rg>=512){
   348  007EAA  BE2E               	btfsc	(main@rg+1)^0,7,c
   349  007EAC  EF5F  F03F         	goto	u491
   350  007EB0  0E02               	movlw	2
   351  007EB2  5C2E               	subwf	(main@rg+1)^0,w,c
   352  007EB4  A0D8               	btfss	status,0,c
   353  007EB6  EF5F  F03F         	goto	u491
   354  007EBA  EF61  F03F         	goto	u490
   355  007EBE                     u491:
   356  007EBE  EF64  F03F         	goto	l40
   357  007EC2                     u490:
   358  007EC2                     
   359                           ;newmain.c: 33:                 PORTAbits.RA4 = 1;
   360  007EC2  8880               	bsf	128,4,c	;volatile
   361                           
   362                           ;newmain.c: 34:             }
   363  007EC4  EF65  F03F         	goto	l1045
   364  007EC8                     l40:
   365                           
   366                           ;newmain.c: 36:                      PORTAbits.RA4 = 0;
   367  007EC8  9880               	bcf	128,4,c	;volatile
   368  007ECA                     l1045:
   369                           
   370                           ;newmain.c: 38:             total=(rg*5)/1023;
   371  007ECA  0E03               	movlw	3
   372  007ECC  6E0A               	movwf	(___awdiv@divisor+1)^0,c
   373  007ECE  6809               	setf	___awdiv@divisor^0,c
   374  007ED0  C02D  F001         	movff	main@rg,___wmul@multiplier
   375  007ED4  C02E  F002         	movff	main@rg+1,___wmul@multiplier+1
   376  007ED8  0E00               	movlw	0
   377  007EDA  6E04               	movwf	(___wmul@multiplicand+1)^0,c
   378  007EDC  0E05               	movlw	5
   379  007EDE  6E03               	movwf	___wmul@multiplicand^0,c
   380  007EE0  EC42  F03D         	call	___wmul	;wreg free
   381  007EE4  C001  F007         	movff	?___wmul,___awdiv@dividend
   382  007EE8  C002  F008         	movff	?___wmul+1,___awdiv@dividend+1
   383  007EEC  EC55  F03D         	call	___awdiv	;wreg free
   384  007EF0  C007  F00F         	movff	?___awdiv,___xxtofl@val
   385  007EF4  C008  F010         	movff	?___awdiv+1,___xxtofl@val+1
   386  007EF8  0E00               	movlw	0
   387  007EFA  BE10               	btfsc	(___xxtofl@val+1)^0,7,c
   388  007EFC  0EFF               	movlw	-1
   389  007EFE  6E11               	movwf	(___xxtofl@val+2)^0,c
   390  007F00  6E12               	movwf	(___xxtofl@val+3)^0,c
   391  007F02  0E01               	movlw	1
   392  007F04  EC3A  F03E         	call	___xxtofl
   393  007F08  C00F  F01F         	movff	?___xxtofl,main@total
   394  007F0C  C010  F020         	movff	?___xxtofl+1,main@total+1
   395  007F10  C011  F021         	movff	?___xxtofl+2,main@total+2
   396  007F14  C012  F022         	movff	?___xxtofl+3,main@total+3
   397                           
   398                           ;newmain.c: 39:             tot=((rg*50)/1023);
   399  007F18  0E03               	movlw	3
   400  007F1A  6E0A               	movwf	(___awdiv@divisor+1)^0,c
   401  007F1C  6809               	setf	___awdiv@divisor^0,c
   402  007F1E  C02D  F001         	movff	main@rg,___wmul@multiplier
   403  007F22  C02E  F002         	movff	main@rg+1,___wmul@multiplier+1
   404  007F26  0E00               	movlw	0
   405  007F28  6E04               	movwf	(___wmul@multiplicand+1)^0,c
   406  007F2A  0E32               	movlw	50
   407  007F2C  6E03               	movwf	___wmul@multiplicand^0,c
   408  007F2E  EC42  F03D         	call	___wmul	;wreg free
   409  007F32  C001  F007         	movff	?___wmul,___awdiv@dividend
   410  007F36  C002  F008         	movff	?___wmul+1,___awdiv@dividend+1
   411  007F3A  EC55  F03D         	call	___awdiv	;wreg free
   412  007F3E  C007  F00F         	movff	?___awdiv,___xxtofl@val
   413  007F42  C008  F010         	movff	?___awdiv+1,___xxtofl@val+1
   414  007F46  0E00               	movlw	0
   415  007F48  BE10               	btfsc	(___xxtofl@val+1)^0,7,c
   416  007F4A  0EFF               	movlw	-1
   417  007F4C  6E11               	movwf	(___xxtofl@val+2)^0,c
   418  007F4E  6E12               	movwf	(___xxtofl@val+3)^0,c
   419  007F50  0E01               	movlw	1
   420  007F52  EC3A  F03E         	call	___xxtofl
   421  007F56  C00F  F023         	movff	?___xxtofl,main@tot
   422  007F5A  C010  F024         	movff	?___xxtofl+1,main@tot+1
   423  007F5E  C011  F025         	movff	?___xxtofl+2,main@tot+2
   424  007F62  C012  F026         	movff	?___xxtofl+3,main@tot+3
   425  007F66                     
   426                           ;newmain.c: 40:             peu=(int)total;
   427  007F66  C01F  F001         	movff	main@total,___fltol@f1
   428  007F6A  C020  F002         	movff	main@total+1,___fltol@f1+1
   429  007F6E  C021  F003         	movff	main@total+2,___fltol@f1+2
   430  007F72  C022  F004         	movff	main@total+3,___fltol@f1+3
   431  007F76  ECB7  F03D         	call	___fltol	;wreg free
   432  007F7A  C001  F02B         	movff	?___fltol,main@peu
   433  007F7E  C002  F02C         	movff	?___fltol+1,main@peu+1
   434  007F82                     
   435                           ;newmain.c: 41:             ped=(int)tot;
   436  007F82  C023  F001         	movff	main@tot,___fltol@f1
   437  007F86  C024  F002         	movff	main@tot+1,___fltol@f1+1
   438  007F8A  C025  F003         	movff	main@tot+2,___fltol@f1+2
   439  007F8E  C026  F004         	movff	main@tot+3,___fltol@f1+3
   440  007F92  ECB7  F03D         	call	___fltol	;wreg free
   441  007F96  C001  F027         	movff	?___fltol,main@ped
   442  007F9A  C002  F028         	movff	?___fltol+1,main@ped+1
   443                           
   444                           ;newmain.c: 42:             d=ped-peu*10;
   445  007F9E  C02B  F001         	movff	main@peu,___wmul@multiplier
   446  007FA2  C02C  F002         	movff	main@peu+1,___wmul@multiplier+1
   447  007FA6  0EFF               	movlw	255
   448  007FA8  6E04               	movwf	(___wmul@multiplicand+1)^0,c
   449  007FAA  0EF6               	movlw	246
   450  007FAC  6E03               	movwf	___wmul@multiplicand^0,c
   451  007FAE  EC42  F03D         	call	___wmul	;wreg free
   452  007FB2  5027               	movf	main@ped^0,w,c
   453  007FB4  2401               	addwf	?___wmul^0,w,c
   454  007FB6  6E29               	movwf	main@d^0,c
   455  007FB8  5028               	movf	(main@ped+1)^0,w,c
   456  007FBA  2002               	addwfc	(?___wmul+1)^0,w,c
   457  007FBC  6E2A               	movwf	(main@d+1)^0,c
   458  007FBE                     
   459                           ;newmain.c: 43:             PORTCbits.RC6=1;
   460  007FBE  8C82               	bsf	130,6,c	;volatile
   461  007FC0                     
   462                           ;newmain.c: 44:             PORTD=peu;
   463  007FC0  C02B  FF83         	movff	main@peu,3971	;volatile
   464  007FC4                     
   465                           ;newmain.c: 45:             _delay((unsigned long)((1000)*(8000000/4000000.0)));
   466  007FC4  0E03               	movlw	3
   467  007FC6  6E1D               	movwf	??_main^0,c
   468  007FC8  0E98               	movlw	152
   469  007FCA                     u517:
   470  007FCA  2EE8               	decfsz	wreg,f,c
   471  007FCC  D7FE               	bra	u517
   472  007FCE  2E1D               	decfsz	??_main^0,f,c
   473  007FD0  D7FC               	bra	u517
   474  007FD2                     
   475                           ;newmain.c: 46:             PORTCbits.RC6=0;
   476  007FD2  9C82               	bcf	130,6,c	;volatile
   477  007FD4                     
   478                           ;newmain.c: 47:             PORTCbits.RC7=1;
   479  007FD4  8E82               	bsf	130,7,c	;volatile
   480  007FD6                     
   481                           ;newmain.c: 48:             PORTD=d;
   482  007FD6  C029  FF83         	movff	main@d,3971	;volatile
   483  007FDA                     
   484                           ;newmain.c: 49:             _delay((unsigned long)((1000)*(8000000/4000000.0)));
   485  007FDA  0E03               	movlw	3
   486  007FDC  6E1D               	movwf	??_main^0,c
   487  007FDE  0E98               	movlw	152
   488  007FE0                     u527:
   489  007FE0  2EE8               	decfsz	wreg,f,c
   490  007FE2  D7FE               	bra	u527
   491  007FE4  2E1D               	decfsz	??_main^0,f,c
   492  007FE6  D7FC               	bra	u527
   493  007FE8                     
   494                           ;newmain.c: 50:             PORTCbits.RC7=0;
   495  007FE8  9E82               	bcf	130,7,c	;volatile
   496  007FEA                     l1067:
   497                           
   498                           ;newmain.c: 30:         while(ADCON0bits.GO_DONE){
   499  007FEA  B2C2               	btfsc	194,1,c	;volatile
   500  007FEC  EFFA  F03F         	goto	u501
   501  007FF0  EFFC  F03F         	goto	u500
   502  007FF4                     u501:
   503  007FF4  EF4C  F03F         	goto	l1041
   504  007FF8                     u500:
   505  007FF8  EF49  F03F         	goto	l1039
   506  007FFC  EF00  F000         	goto	start
   507  008000                     __end_of_main:
   508                           	callstack 0
   509                           
   510 ;; *************** function ___xxtofl *****************
   511 ;; Defined at:
   512 ;;		line 10 in file "C:\Program Files\Microchip\xc8\v2.20\pic\sources\c99\common\xxtofl.c"
   513 ;; Parameters:    Size  Location     Type
   514 ;;  sign            1    wreg     unsigned char 
   515 ;;  val             4   14[COMRAM] long 
   516 ;; Auto vars:     Size  Location     Type
   517 ;;  sign            1   22[COMRAM] unsigned char 
   518 ;;  arg             4   24[COMRAM] unsigned long 
   519 ;;  exp             1   23[COMRAM] unsigned char 
   520 ;; Return value:  Size  Location     Type
   521 ;;                  4   14[COMRAM] unsigned char 
   522 ;; Registers used:
   523 ;;		wreg, status,2, status,0
   524 ;; Tracked objects:
   525 ;;		On entry : 0/0
   526 ;;		On exit  : 0/0
   527 ;;		Unchanged: 0/0
   528 ;; Data sizes:     COMRAM   BANK0   BANK1   BANK2   BANK3   BANK4   BANK5   BANK6   BANK7
   529 ;;      Params:         4       0       0       0       0       0       0       0       0
   530 ;;      Locals:         6       0       0       0       0       0       0       0       0
   531 ;;      Temps:          4       0       0       0       0       0       0       0       0
   532 ;;      Totals:        14       0       0       0       0       0       0       0       0
   533 ;;Total ram usage:       14 bytes
   534 ;; Hardware stack levels used:    1
   535 ;; This function calls:
   536 ;;		Nothing
   537 ;; This function is called by:
   538 ;;		_main
   539 ;; This function uses a non-reentrant model
   540 ;;
   541                           
   542                           	psect	text1
   543  007C74                     __ptext1:
   544                           	callstack 0
   545  007C74                     ___xxtofl:
   546                           	callstack 30
   547                           
   548                           ;incstack = 0
   549                           ;___xxtofl@sign stored from wreg
   550  007C74  6E17               	movwf	___xxtofl@sign^0,c
   551  007C76  5017               	movf	___xxtofl@sign^0,w,c
   552  007C78  B4D8               	btfsc	status,2,c
   553  007C7A  EF41  F03E         	goto	u391
   554  007C7E  EF43  F03E         	goto	u390
   555  007C82                     u391:
   556  007C82  EF65  F03E         	goto	l703
   557  007C86                     u390:
   558  007C86  BE12               	btfsc	(___xxtofl@val+3)^0,7,c
   559  007C88  EF4A  F03E         	goto	u400
   560  007C8C  EF48  F03E         	goto	u401
   561  007C90                     u401:
   562  007C90  EF65  F03E         	goto	l703
   563  007C94                     u400:
   564  007C94  C00F  F013         	movff	___xxtofl@val,??___xxtofl
   565  007C98  C010  F014         	movff	___xxtofl@val+1,??___xxtofl+1
   566  007C9C  C011  F015         	movff	___xxtofl@val+2,??___xxtofl+2
   567  007CA0  C012  F016         	movff	___xxtofl@val+3,??___xxtofl+3
   568  007CA4  1E13               	comf	??___xxtofl^0,f,c
   569  007CA6  1E14               	comf	(??___xxtofl+1)^0,f,c
   570  007CA8  1E15               	comf	(??___xxtofl+2)^0,f,c
   571  007CAA  1E16               	comf	(??___xxtofl+3)^0,f,c
   572  007CAC  2A13               	incf	??___xxtofl^0,f,c
   573  007CAE  0E00               	movlw	0
   574  007CB0  2214               	addwfc	(??___xxtofl+1)^0,f,c
   575  007CB2  2215               	addwfc	(??___xxtofl+2)^0,f,c
   576  007CB4  2216               	addwfc	(??___xxtofl+3)^0,f,c
   577  007CB6  C013  F019         	movff	??___xxtofl,___xxtofl@arg
   578  007CBA  C014  F01A         	movff	??___xxtofl+1,___xxtofl@arg+1
   579  007CBE  C015  F01B         	movff	??___xxtofl+2,___xxtofl@arg+2
   580  007CC2  C016  F01C         	movff	??___xxtofl+3,___xxtofl@arg+3
   581  007CC6  EF6D  F03E         	goto	l995
   582  007CCA                     l703:
   583  007CCA  C00F  F019         	movff	___xxtofl@val,___xxtofl@arg
   584  007CCE  C010  F01A         	movff	___xxtofl@val+1,___xxtofl@arg+1
   585  007CD2  C011  F01B         	movff	___xxtofl@val+2,___xxtofl@arg+2
   586  007CD6  C012  F01C         	movff	___xxtofl@val+3,___xxtofl@arg+3
   587  007CDA                     l995:
   588  007CDA  500F               	movf	___xxtofl@val^0,w,c
   589  007CDC  1010               	iorwf	(___xxtofl@val+1)^0,w,c
   590  007CDE  1011               	iorwf	(___xxtofl@val+2)^0,w,c
   591  007CE0  1012               	iorwf	(___xxtofl@val+3)^0,w,c
   592  007CE2  A4D8               	btfss	status,2,c
   593  007CE4  EF76  F03E         	goto	u411
   594  007CE8  EF78  F03E         	goto	u410
   595  007CEC                     u411:
   596  007CEC  EF82  F03E         	goto	l1001
   597  007CF0                     u410:
   598  007CF0  0E00               	movlw	0
   599  007CF2  6E0F               	movwf	?___xxtofl^0,c
   600  007CF4  0E00               	movlw	0
   601  007CF6  6E10               	movwf	(?___xxtofl+1)^0,c
   602  007CF8  0E00               	movlw	0
   603  007CFA  6E11               	movwf	(?___xxtofl+2)^0,c
   604  007CFC  0E00               	movlw	0
   605  007CFE  6E12               	movwf	(?___xxtofl+3)^0,c
   606  007D00  EF13  F03F         	goto	l706
   607  007D04                     l1001:
   608  007D04  0E96               	movlw	150
   609  007D06  6E18               	movwf	___xxtofl@exp^0,c
   610  007D08  EF8C  F03E         	goto	l1005
   611  007D0C                     l1003:
   612  007D0C  2A18               	incf	___xxtofl@exp^0,f,c
   613  007D0E  90D8               	bcf	status,0,c
   614  007D10  321C               	rrcf	(___xxtofl@arg+3)^0,f,c
   615  007D12  321B               	rrcf	(___xxtofl@arg+2)^0,f,c
   616  007D14  321A               	rrcf	(___xxtofl@arg+1)^0,f,c
   617  007D16  3219               	rrcf	___xxtofl@arg^0,f,c
   618  007D18                     l1005:
   619  007D18  0E00               	movlw	0
   620  007D1A  1419               	andwf	___xxtofl@arg^0,w,c
   621  007D1C  6E13               	movwf	??___xxtofl^0,c
   622  007D1E  0E00               	movlw	0
   623  007D20  141A               	andwf	(___xxtofl@arg+1)^0,w,c
   624  007D22  6E14               	movwf	(??___xxtofl+1)^0,c
   625  007D24  0E00               	movlw	0
   626  007D26  141B               	andwf	(___xxtofl@arg+2)^0,w,c
   627  007D28  6E15               	movwf	(??___xxtofl+2)^0,c
   628  007D2A  0EFE               	movlw	254
   629  007D2C  141C               	andwf	(___xxtofl@arg+3)^0,w,c
   630  007D2E  6E16               	movwf	(??___xxtofl+3)^0,c
   631  007D30  5013               	movf	??___xxtofl^0,w,c
   632  007D32  1014               	iorwf	(??___xxtofl+1)^0,w,c
   633  007D34  1015               	iorwf	(??___xxtofl+2)^0,w,c
   634  007D36  1016               	iorwf	(??___xxtofl+3)^0,w,c
   635  007D38  A4D8               	btfss	status,2,c
   636  007D3A  EFA1  F03E         	goto	u421
   637  007D3E  EFA3  F03E         	goto	u420
   638  007D42                     u421:
   639  007D42  EF86  F03E         	goto	l1003
   640  007D46                     u420:
   641  007D46  EFB1  F03E         	goto	l710
   642  007D4A                     l1007:
   643  007D4A  2A18               	incf	___xxtofl@exp^0,f,c
   644  007D4C  0E01               	movlw	1
   645  007D4E  2619               	addwf	___xxtofl@arg^0,f,c
   646  007D50  0E00               	movlw	0
   647  007D52  221A               	addwfc	(___xxtofl@arg+1)^0,f,c
   648  007D54  221B               	addwfc	(___xxtofl@arg+2)^0,f,c
   649  007D56  221C               	addwfc	(___xxtofl@arg+3)^0,f,c
   650  007D58  90D8               	bcf	status,0,c
   651  007D5A  321C               	rrcf	(___xxtofl@arg+3)^0,f,c
   652  007D5C  321B               	rrcf	(___xxtofl@arg+2)^0,f,c
   653  007D5E  321A               	rrcf	(___xxtofl@arg+1)^0,f,c
   654  007D60  3219               	rrcf	___xxtofl@arg^0,f,c
   655  007D62                     l710:
   656  007D62  0E00               	movlw	0
   657  007D64  1419               	andwf	___xxtofl@arg^0,w,c
   658  007D66  6E13               	movwf	??___xxtofl^0,c
   659  007D68  0E00               	movlw	0
   660  007D6A  141A               	andwf	(___xxtofl@arg+1)^0,w,c
   661  007D6C  6E14               	movwf	(??___xxtofl+1)^0,c
   662  007D6E  0E00               	movlw	0
   663  007D70  141B               	andwf	(___xxtofl@arg+2)^0,w,c
   664  007D72  6E15               	movwf	(??___xxtofl+2)^0,c
   665  007D74  0EFF               	movlw	255
   666  007D76  141C               	andwf	(___xxtofl@arg+3)^0,w,c
   667  007D78  6E16               	movwf	(??___xxtofl+3)^0,c
   668  007D7A  5013               	movf	??___xxtofl^0,w,c
   669  007D7C  1014               	iorwf	(??___xxtofl+1)^0,w,c
   670  007D7E  1015               	iorwf	(??___xxtofl+2)^0,w,c
   671  007D80  1016               	iorwf	(??___xxtofl+3)^0,w,c
   672  007D82  A4D8               	btfss	status,2,c
   673  007D84  EFC6  F03E         	goto	u431
   674  007D88  EFC8  F03E         	goto	u430
   675  007D8C                     u431:
   676  007D8C  EFA5  F03E         	goto	l1007
   677  007D90                     u430:
   678  007D90  EFD0  F03E         	goto	l1015
   679  007D94                     l1013:
   680  007D94  0618               	decf	___xxtofl@exp^0,f,c
   681  007D96  90D8               	bcf	status,0,c
   682  007D98  3619               	rlcf	___xxtofl@arg^0,f,c
   683  007D9A  361A               	rlcf	(___xxtofl@arg+1)^0,f,c
   684  007D9C  361B               	rlcf	(___xxtofl@arg+2)^0,f,c
   685  007D9E  361C               	rlcf	(___xxtofl@arg+3)^0,f,c
   686  007DA0                     l1015:
   687  007DA0  BE1B               	btfsc	(___xxtofl@arg+2)^0,7,c
   688  007DA2  EFD5  F03E         	goto	u441
   689  007DA6  EFD7  F03E         	goto	u440
   690  007DAA                     u441:
   691  007DAA  EFDF  F03E         	goto	l717
   692  007DAE                     u440:
   693  007DAE  0E02               	movlw	2
   694  007DB0  6018               	cpfslt	___xxtofl@exp^0,c
   695  007DB2  EFDD  F03E         	goto	u451
   696  007DB6  EFDF  F03E         	goto	u450
   697  007DBA                     u451:
   698  007DBA  EFCA  F03E         	goto	l1013
   699  007DBE                     u450:
   700  007DBE                     l717:
   701  007DBE  B018               	btfsc	___xxtofl@exp^0,0,c
   702  007DC0  EFE4  F03E         	goto	u461
   703  007DC4  EFE6  F03E         	goto	u460
   704  007DC8                     u461:
   705  007DC8  EFE7  F03E         	goto	l1021
   706  007DCC                     u460:
   707  007DCC  9E1B               	bcf	(___xxtofl@arg+2)^0,7,c
   708  007DCE                     l1021:
   709  007DCE  90D8               	bcf	status,0,c
   710  007DD0  3218               	rrcf	___xxtofl@exp^0,f,c
   711  007DD2  C018  F013         	movff	___xxtofl@exp,??___xxtofl
   712  007DD6  6A14               	clrf	(??___xxtofl+1)^0,c
   713  007DD8  6A15               	clrf	(??___xxtofl+2)^0,c
   714  007DDA  6A16               	clrf	(??___xxtofl+3)^0,c
   715  007DDC  C013  F016         	movff	??___xxtofl,??___xxtofl+3
   716  007DE0  6A15               	clrf	(??___xxtofl+2)^0,c
   717  007DE2  6A14               	clrf	(??___xxtofl+1)^0,c
   718  007DE4  6A13               	clrf	??___xxtofl^0,c
   719  007DE6  5013               	movf	??___xxtofl^0,w,c
   720  007DE8  1219               	iorwf	___xxtofl@arg^0,f,c
   721  007DEA  5014               	movf	(??___xxtofl+1)^0,w,c
   722  007DEC  121A               	iorwf	(___xxtofl@arg+1)^0,f,c
   723  007DEE  5015               	movf	(??___xxtofl+2)^0,w,c
   724  007DF0  121B               	iorwf	(___xxtofl@arg+2)^0,f,c
   725  007DF2  5016               	movf	(??___xxtofl+3)^0,w,c
   726  007DF4  121C               	iorwf	(___xxtofl@arg+3)^0,f,c
   727  007DF6  5017               	movf	___xxtofl@sign^0,w,c
   728  007DF8  B4D8               	btfsc	status,2,c
   729  007DFA  EF01  F03F         	goto	u471
   730  007DFE  EF03  F03F         	goto	u470
   731  007E02                     u471:
   732  007E02  EF0B  F03F         	goto	l1031
   733  007E06                     u470:
   734  007E06  BE12               	btfsc	(___xxtofl@val+3)^0,7,c
   735  007E08  EF0A  F03F         	goto	u480
   736  007E0C  EF08  F03F         	goto	u481
   737  007E10                     u481:
   738  007E10  EF0B  F03F         	goto	l1031
   739  007E14                     u480:
   740  007E14  8E1C               	bsf	(___xxtofl@arg+3)^0,7,c
   741  007E16                     l1031:
   742  007E16  C019  F00F         	movff	___xxtofl@arg,?___xxtofl
   743  007E1A  C01A  F010         	movff	___xxtofl@arg+1,?___xxtofl+1
   744  007E1E  C01B  F011         	movff	___xxtofl@arg+2,?___xxtofl+2
   745  007E22  C01C  F012         	movff	___xxtofl@arg+3,?___xxtofl+3
   746  007E26                     l706:
   747  007E26  0012               	return		;funcret
   748  007E28                     __end_of___xxtofl:
   749                           	callstack 0
   750                           
   751 ;; *************** function ___wmul *****************
   752 ;; Defined at:
   753 ;;		line 15 in file "C:\Program Files\Microchip\xc8\v2.20\pic\sources\c99\common\Umul16.c"
   754 ;; Parameters:    Size  Location     Type
   755 ;;  multiplier      2    0[COMRAM] unsigned int 
   756 ;;  multiplicand    2    2[COMRAM] unsigned int 
   757 ;; Auto vars:     Size  Location     Type
   758 ;;  product         2    4[COMRAM] unsigned int 
   759 ;; Return value:  Size  Location     Type
   760 ;;                  2    0[COMRAM] unsigned int 
   761 ;; Registers used:
   762 ;;		wreg, status,2, status,0, prodl, prodh
   763 ;; Tracked objects:
   764 ;;		On entry : 0/0
   765 ;;		On exit  : 0/0
   766 ;;		Unchanged: 0/0
   767 ;; Data sizes:     COMRAM   BANK0   BANK1   BANK2   BANK3   BANK4   BANK5   BANK6   BANK7
   768 ;;      Params:         4       0       0       0       0       0       0       0       0
   769 ;;      Locals:         2       0       0       0       0       0       0       0       0
   770 ;;      Temps:          0       0       0       0       0       0       0       0       0
   771 ;;      Totals:         6       0       0       0       0       0       0       0       0
   772 ;;Total ram usage:        6 bytes
   773 ;; Hardware stack levels used:    1
   774 ;; This function calls:
   775 ;;		Nothing
   776 ;; This function is called by:
   777 ;;		_main
   778 ;; This function uses a non-reentrant model
   779 ;;
   780                           
   781                           	psect	text2
   782  007A84                     __ptext2:
   783                           	callstack 0
   784  007A84                     ___wmul:
   785                           	callstack 30
   786  007A84  5001               	movf	___wmul@multiplier^0,w,c
   787  007A86  0203               	mulwf	___wmul@multiplicand^0,c
   788  007A88  CFF3 F005          	movff	prodl,___wmul@product
   789  007A8C  CFF4 F006          	movff	prodh,___wmul@product+1
   790  007A90  5001               	movf	___wmul@multiplier^0,w,c
   791  007A92  0204               	mulwf	(___wmul@multiplicand+1)^0,c
   792  007A94  50F3               	movf	243,w,c
   793  007A96  2606               	addwf	(___wmul@product+1)^0,f,c
   794  007A98  5002               	movf	(___wmul@multiplier+1)^0,w,c
   795  007A9A  0203               	mulwf	___wmul@multiplicand^0,c
   796  007A9C  50F3               	movf	243,w,c
   797  007A9E  2606               	addwf	(___wmul@product+1)^0,f,c
   798  007AA0  C005  F001         	movff	___wmul@product,?___wmul
   799  007AA4  C006  F002         	movff	___wmul@product+1,?___wmul+1
   800  007AA8  0012               	return		;funcret
   801  007AAA                     __end_of___wmul:
   802                           	callstack 0
   803                           
   804 ;; *************** function ___fltol *****************
   805 ;; Defined at:
   806 ;;		line 43 in file "C:\Program Files\Microchip\xc8\v2.20\pic\sources\c99\common\fltol.c"
   807 ;; Parameters:    Size  Location     Type
   808 ;;  f1              4    0[COMRAM] unsigned int 
   809 ;; Auto vars:     Size  Location     Type
   810 ;;  exp1            1    9[COMRAM] unsigned char 
   811 ;;  sign1           1    8[COMRAM] unsigned char 
   812 ;; Return value:  Size  Location     Type
   813 ;;                  4    0[COMRAM] long 
   814 ;; Registers used:
   815 ;;		wreg, status,2, status,0
   816 ;; Tracked objects:
   817 ;;		On entry : 0/0
   818 ;;		On exit  : 0/0
   819 ;;		Unchanged: 0/0
   820 ;; Data sizes:     COMRAM   BANK0   BANK1   BANK2   BANK3   BANK4   BANK5   BANK6   BANK7
   821 ;;      Params:         4       0       0       0       0       0       0       0       0
   822 ;;      Locals:         2       0       0       0       0       0       0       0       0
   823 ;;      Temps:          4       0       0       0       0       0       0       0       0
   824 ;;      Totals:        10       0       0       0       0       0       0       0       0
   825 ;;Total ram usage:       10 bytes
   826 ;; Hardware stack levels used:    1
   827 ;; This function calls:
   828 ;;		Nothing
   829 ;; This function is called by:
   830 ;;		_main
   831 ;; This function uses a non-reentrant model
   832 ;;
   833                           
   834                           	psect	text3
   835  007B6E                     __ptext3:
   836                           	callstack 0
   837  007B6E                     ___fltol:
   838                           	callstack 30
   839  007B6E  3403               	rlcf	(___fltol@f1+2)^0,w,c
   840  007B70  3404               	rlcf	(___fltol@f1+3)^0,w,c
   841  007B72  6E0A               	movwf	___fltol@exp1^0,c
   842  007B74  500A               	movf	___fltol@exp1^0,w,c
   843  007B76  A4D8               	btfss	status,2,c
   844  007B78  EFC0  F03D         	goto	u321
   845  007B7C  EFC2  F03D         	goto	u320
   846  007B80                     u321:
   847  007B80  EFCC  F03D         	goto	l951
   848  007B84                     u320:
   849  007B84                     l947:
   850  007B84  0E00               	movlw	0
   851  007B86  6E01               	movwf	?___fltol^0,c
   852  007B88  0E00               	movlw	0
   853  007B8A  6E02               	movwf	(?___fltol+1)^0,c
   854  007B8C  0E00               	movlw	0
   855  007B8E  6E03               	movwf	(?___fltol+2)^0,c
   856  007B90  0E00               	movlw	0
   857  007B92  6E04               	movwf	(?___fltol+3)^0,c
   858  007B94  EF39  F03E         	goto	l345
   859  007B98                     l951:
   860  007B98  C001  F005         	movff	___fltol@f1,??___fltol
   861  007B9C  C002  F006         	movff	___fltol@f1+1,??___fltol+1
   862  007BA0  C003  F007         	movff	___fltol@f1+2,??___fltol+2
   863  007BA4  C004  F008         	movff	___fltol@f1+3,??___fltol+3
   864  007BA8  0E20               	movlw	32
   865  007BAA  EFDC  F03D         	goto	u330
   866  007BAE                     u335:
   867  007BAE  90D8               	bcf	status,0,c
   868  007BB0  3208               	rrcf	(??___fltol+3)^0,f,c
   869  007BB2  3207               	rrcf	(??___fltol+2)^0,f,c
   870  007BB4  3206               	rrcf	(??___fltol+1)^0,f,c
   871  007BB6  3205               	rrcf	??___fltol^0,f,c
   872  007BB8                     u330:
   873  007BB8  2EE8               	decfsz	wreg,f,c
   874  007BBA  EFD7  F03D         	goto	u335
   875  007BBE  5005               	movf	??___fltol^0,w,c
   876  007BC0  6E09               	movwf	___fltol@sign1^0,c
   877  007BC2  8E03               	bsf	(___fltol@f1+2)^0,7,c
   878  007BC4  0EFF               	movlw	255
   879  007BC6  1601               	andwf	___fltol@f1^0,f,c
   880  007BC8  0EFF               	movlw	255
   881  007BCA  1602               	andwf	(___fltol@f1+1)^0,f,c
   882  007BCC  0EFF               	movlw	255
   883  007BCE  1603               	andwf	(___fltol@f1+2)^0,f,c
   884  007BD0  0E00               	movlw	0
   885  007BD2  1604               	andwf	(___fltol@f1+3)^0,f,c
   886  007BD4  0E96               	movlw	150
   887  007BD6  5E0A               	subwf	___fltol@exp1^0,f,c
   888  007BD8  BE0A               	btfsc	___fltol@exp1^0,7,c
   889  007BDA  EFF3  F03D         	goto	u340
   890  007BDE  EFF1  F03D         	goto	u341
   891  007BE2                     u341:
   892  007BE2  EF09  F03E         	goto	l971
   893  007BE6                     u340:
   894  007BE6  500A               	movf	___fltol@exp1^0,w,c
   895  007BE8  0A80               	xorlw	128
   896  007BEA  0F97               	addlw	151
   897  007BEC  B0D8               	btfsc	status,0,c
   898  007BEE  EFFB  F03D         	goto	u351
   899  007BF2  EFFD  F03D         	goto	u350
   900  007BF6                     u351:
   901  007BF6  EFFF  F03D         	goto	l967
   902  007BFA                     u350:
   903  007BFA  EFC2  F03D         	goto	l947
   904  007BFE                     l967:
   905  007BFE  90D8               	bcf	status,0,c
   906  007C00  3204               	rrcf	(___fltol@f1+3)^0,f,c
   907  007C02  3203               	rrcf	(___fltol@f1+2)^0,f,c
   908  007C04  3202               	rrcf	(___fltol@f1+1)^0,f,c
   909  007C06  3201               	rrcf	___fltol@f1^0,f,c
   910  007C08  3E0A               	incfsz	___fltol@exp1^0,f,c
   911  007C0A  EFFF  F03D         	goto	l967
   912  007C0E  EF21  F03E         	goto	l981
   913  007C12                     l971:
   914  007C12  0E1F               	movlw	31
   915  007C14  640A               	cpfsgt	___fltol@exp1^0,c
   916  007C16  EF0F  F03E         	goto	u361
   917  007C1A  EF11  F03E         	goto	u360
   918  007C1E                     u361:
   919  007C1E  EF19  F03E         	goto	l979
   920  007C22                     u360:
   921  007C22  EFC2  F03D         	goto	l947
   922  007C26                     l977:
   923  007C26  90D8               	bcf	status,0,c
   924  007C28  3601               	rlcf	___fltol@f1^0,f,c
   925  007C2A  3602               	rlcf	(___fltol@f1+1)^0,f,c
   926  007C2C  3603               	rlcf	(___fltol@f1+2)^0,f,c
   927  007C2E  3604               	rlcf	(___fltol@f1+3)^0,f,c
   928  007C30  060A               	decf	___fltol@exp1^0,f,c
   929  007C32                     l979:
   930  007C32  500A               	movf	___fltol@exp1^0,w,c
   931  007C34  A4D8               	btfss	status,2,c
   932  007C36  EF1F  F03E         	goto	u371
   933  007C3A  EF21  F03E         	goto	u370
   934  007C3E                     u371:
   935  007C3E  EF13  F03E         	goto	l977
   936  007C42                     u370:
   937  007C42                     l981:
   938  007C42  5009               	movf	___fltol@sign1^0,w,c
   939  007C44  B4D8               	btfsc	status,2,c
   940  007C46  EF27  F03E         	goto	u381
   941  007C4A  EF29  F03E         	goto	u380
   942  007C4E                     u381:
   943  007C4E  EF31  F03E         	goto	l985
   944  007C52                     u380:
   945  007C52  1E04               	comf	(___fltol@f1+3)^0,f,c
   946  007C54  1E03               	comf	(___fltol@f1+2)^0,f,c
   947  007C56  1E02               	comf	(___fltol@f1+1)^0,f,c
   948  007C58  6C01               	negf	___fltol@f1^0,c
   949  007C5A  0E00               	movlw	0
   950  007C5C  2202               	addwfc	(___fltol@f1+1)^0,f,c
   951  007C5E  2203               	addwfc	(___fltol@f1+2)^0,f,c
   952  007C60  2204               	addwfc	(___fltol@f1+3)^0,f,c
   953  007C62                     l985:
   954  007C62  C001  F001         	movff	___fltol@f1,?___fltol
   955  007C66  C002  F002         	movff	___fltol@f1+1,?___fltol+1
   956  007C6A  C003  F003         	movff	___fltol@f1+2,?___fltol+2
   957  007C6E  C004  F004         	movff	___fltol@f1+3,?___fltol+3
   958  007C72                     l345:
   959  007C72  0012               	return		;funcret
   960  007C74                     __end_of___fltol:
   961                           	callstack 0
   962                           
   963 ;; *************** function ___awdiv *****************
   964 ;; Defined at:
   965 ;;		line 7 in file "C:\Program Files\Microchip\xc8\v2.20\pic\sources\c99\common\awdiv.c"
   966 ;; Parameters:    Size  Location     Type
   967 ;;  dividend        2    6[COMRAM] int 
   968 ;;  divisor         2    8[COMRAM] int 
   969 ;; Auto vars:     Size  Location     Type
   970 ;;  quotient        2   12[COMRAM] int 
   971 ;;  sign            1   11[COMRAM] unsigned char 
   972 ;;  counter         1   10[COMRAM] unsigned char 
   973 ;; Return value:  Size  Location     Type
   974 ;;                  2    6[COMRAM] int 
   975 ;; Registers used:
   976 ;;		wreg, status,2, status,0
   977 ;; Tracked objects:
   978 ;;		On entry : 0/0
   979 ;;		On exit  : 0/0
   980 ;;		Unchanged: 0/0
   981 ;; Data sizes:     COMRAM   BANK0   BANK1   BANK2   BANK3   BANK4   BANK5   BANK6   BANK7
   982 ;;      Params:         4       0       0       0       0       0       0       0       0
   983 ;;      Locals:         4       0       0       0       0       0       0       0       0
   984 ;;      Temps:          0       0       0       0       0       0       0       0       0
   985 ;;      Totals:         8       0       0       0       0       0       0       0       0
   986 ;;Total ram usage:        8 bytes
   987 ;; Hardware stack levels used:    1
   988 ;; This function calls:
   989 ;;		Nothing
   990 ;; This function is called by:
   991 ;;		_main
   992 ;; This function uses a non-reentrant model
   993 ;;
   994                           
   995                           	psect	text4
   996  007AAA                     __ptext4:
   997                           	callstack 0
   998  007AAA                     ___awdiv:
   999                           	callstack 30
  1000  007AAA  0E00               	movlw	0
  1001  007AAC  6E0C               	movwf	___awdiv@sign^0,c
  1002  007AAE  BE0A               	btfsc	(___awdiv@divisor+1)^0,7,c
  1003  007AB0  EF5E  F03D         	goto	u260
  1004  007AB4  EF5C  F03D         	goto	u261
  1005  007AB8                     u261:
  1006  007AB8  EF64  F03D         	goto	l909
  1007  007ABC                     u260:
  1008  007ABC  6C09               	negf	___awdiv@divisor^0,c
  1009  007ABE  1E0A               	comf	(___awdiv@divisor+1)^0,f,c
  1010  007AC0  B0D8               	btfsc	status,0,c
  1011  007AC2  2A0A               	incf	(___awdiv@divisor+1)^0,f,c
  1012  007AC4  0E01               	movlw	1
  1013  007AC6  6E0C               	movwf	___awdiv@sign^0,c
  1014  007AC8                     l909:
  1015  007AC8  BE08               	btfsc	(___awdiv@dividend+1)^0,7,c
  1016  007ACA  EF6B  F03D         	goto	u270
  1017  007ACE  EF69  F03D         	goto	u271
  1018  007AD2                     u271:
  1019  007AD2  EF71  F03D         	goto	l915
  1020  007AD6                     u270:
  1021  007AD6  6C07               	negf	___awdiv@dividend^0,c
  1022  007AD8  1E08               	comf	(___awdiv@dividend+1)^0,f,c
  1023  007ADA  B0D8               	btfsc	status,0,c
  1024  007ADC  2A08               	incf	(___awdiv@dividend+1)^0,f,c
  1025  007ADE  0E01               	movlw	1
  1026  007AE0  1A0C               	xorwf	___awdiv@sign^0,f,c
  1027  007AE2                     l915:
  1028  007AE2  0E00               	movlw	0
  1029  007AE4  6E0E               	movwf	(___awdiv@quotient+1)^0,c
  1030  007AE6  0E00               	movlw	0
  1031  007AE8  6E0D               	movwf	___awdiv@quotient^0,c
  1032  007AEA  5009               	movf	___awdiv@divisor^0,w,c
  1033  007AEC  100A               	iorwf	(___awdiv@divisor+1)^0,w,c
  1034  007AEE  B4D8               	btfsc	status,2,c
  1035  007AF0  EF7C  F03D         	goto	u281
  1036  007AF4  EF7E  F03D         	goto	u280
  1037  007AF8                     u281:
  1038  007AF8  EFA6  F03D         	goto	l937
  1039  007AFC                     u280:
  1040  007AFC  0E01               	movlw	1
  1041  007AFE  6E0B               	movwf	___awdiv@counter^0,c
  1042  007B00  EF86  F03D         	goto	l923
  1043  007B04                     l921:
  1044  007B04  90D8               	bcf	status,0,c
  1045  007B06  3609               	rlcf	___awdiv@divisor^0,f,c
  1046  007B08  360A               	rlcf	(___awdiv@divisor+1)^0,f,c
  1047  007B0A  2A0B               	incf	___awdiv@counter^0,f,c
  1048  007B0C                     l923:
  1049  007B0C  AE0A               	btfss	(___awdiv@divisor+1)^0,7,c
  1050  007B0E  EF8B  F03D         	goto	u291
  1051  007B12  EF8D  F03D         	goto	u290
  1052  007B16                     u291:
  1053  007B16  EF82  F03D         	goto	l921
  1054  007B1A                     u290:
  1055  007B1A                     l925:
  1056  007B1A  90D8               	bcf	status,0,c
  1057  007B1C  360D               	rlcf	___awdiv@quotient^0,f,c
  1058  007B1E  360E               	rlcf	(___awdiv@quotient+1)^0,f,c
  1059  007B20  5009               	movf	___awdiv@divisor^0,w,c
  1060  007B22  5C07               	subwf	___awdiv@dividend^0,w,c
  1061  007B24  500A               	movf	(___awdiv@divisor+1)^0,w,c
  1062  007B26  5808               	subwfb	(___awdiv@dividend+1)^0,w,c
  1063  007B28  A0D8               	btfss	status,0,c
  1064  007B2A  EF99  F03D         	goto	u301
  1065  007B2E  EF9B  F03D         	goto	u300
  1066  007B32                     u301:
  1067  007B32  EFA0  F03D         	goto	l933
  1068  007B36                     u300:
  1069  007B36  5009               	movf	___awdiv@divisor^0,w,c
  1070  007B38  5E07               	subwf	___awdiv@dividend^0,f,c
  1071  007B3A  500A               	movf	(___awdiv@divisor+1)^0,w,c
  1072  007B3C  5A08               	subwfb	(___awdiv@dividend+1)^0,f,c
  1073  007B3E  800D               	bsf	___awdiv@quotient^0,0,c
  1074  007B40                     l933:
  1075  007B40  90D8               	bcf	status,0,c
  1076  007B42  320A               	rrcf	(___awdiv@divisor+1)^0,f,c
  1077  007B44  3209               	rrcf	___awdiv@divisor^0,f,c
  1078  007B46  2E0B               	decfsz	___awdiv@counter^0,f,c
  1079  007B48  EF8D  F03D         	goto	l925
  1080  007B4C                     l937:
  1081  007B4C  500C               	movf	___awdiv@sign^0,w,c
  1082  007B4E  B4D8               	btfsc	status,2,c
  1083  007B50  EFAC  F03D         	goto	u311
  1084  007B54  EFAE  F03D         	goto	u310
  1085  007B58                     u311:
  1086  007B58  EFB2  F03D         	goto	l941
  1087  007B5C                     u310:
  1088  007B5C  6C0D               	negf	___awdiv@quotient^0,c
  1089  007B5E  1E0E               	comf	(___awdiv@quotient+1)^0,f,c
  1090  007B60  B0D8               	btfsc	status,0,c
  1091  007B62  2A0E               	incf	(___awdiv@quotient+1)^0,f,c
  1092  007B64                     l941:
  1093  007B64  C00D  F007         	movff	___awdiv@quotient,?___awdiv
  1094  007B68  C00E  F008         	movff	___awdiv@quotient+1,?___awdiv+1
  1095  007B6C  0012               	return		;funcret
  1096  007B6E                     __end_of___awdiv:
  1097                           	callstack 0
  1098  0000                     
  1099                           	psect	rparam
  1100  0000                     
  1101                           	psect	idloc
  1102                           
  1103                           ;Config register IDLOC0 @ 0x200000
  1104                           ;	unspecified, using default values
  1105  200000                     	org	2097152
  1106  200000  FF                 	db	255
  1107                           
  1108                           ;Config register IDLOC1 @ 0x200001
  1109                           ;	unspecified, using default values
  1110  200001                     	org	2097153
  1111  200001  FF                 	db	255
  1112                           
  1113                           ;Config register IDLOC2 @ 0x200002
  1114                           ;	unspecified, using default values
  1115  200002                     	org	2097154
  1116  200002  FF                 	db	255
  1117                           
  1118                           ;Config register IDLOC3 @ 0x200003
  1119                           ;	unspecified, using default values
  1120  200003                     	org	2097155
  1121  200003  FF                 	db	255
  1122                           
  1123                           ;Config register IDLOC4 @ 0x200004
  1124                           ;	unspecified, using default values
  1125  200004                     	org	2097156
  1126  200004  FF                 	db	255
  1127                           
  1128                           ;Config register IDLOC5 @ 0x200005
  1129                           ;	unspecified, using default values
  1130  200005                     	org	2097157
  1131  200005  FF                 	db	255
  1132                           
  1133                           ;Config register IDLOC6 @ 0x200006
  1134                           ;	unspecified, using default values
  1135  200006                     	org	2097158
  1136  200006  FF                 	db	255
  1137                           
  1138                           ;Config register IDLOC7 @ 0x200007
  1139                           ;	unspecified, using default values
  1140  200007                     	org	2097159
  1141  200007  FF                 	db	255
  1142                           
  1143                           	psect	config
  1144                           
  1145                           ;Config register CONFIG1L @ 0x300000
  1146                           ;	unspecified, using default values
  1147                           ;	PLL Prescaler Selection bits
  1148                           ;	PLLDIV = 0x0, unprogrammed default
  1149                           ;	System Clock Postscaler Selection bits
  1150                           ;	CPUDIV = 0x0, unprogrammed default
  1151                           ;	USB Clock Selection bit (used in Full-Speed USB mode only; UCFG:FSEN = 1)
  1152                           ;	USBDIV = 0x0, unprogrammed default
  1153  300000                     	org	3145728
  1154  300000  00                 	db	0
  1155                           
  1156                           ;Config register CONFIG1H @ 0x300001
  1157                           ;	unspecified, using default values
  1158                           ;	Oscillator Selection bits
  1159                           ;	FOSC = 0x5, unprogrammed default
  1160                           ;	Fail-Safe Clock Monitor Enable bit
  1161                           ;	FCMEN = 0x0, unprogrammed default
  1162                           ;	Internal/External Oscillator Switchover bit
  1163                           ;	IESO = 0x0, unprogrammed default
  1164  300001                     	org	3145729
  1165  300001  05                 	db	5
  1166                           
  1167                           ;Config register CONFIG2L @ 0x300002
  1168                           ;	unspecified, using default values
  1169                           ;	Power-up Timer Enable bit
  1170                           ;	PWRT = 0x1, unprogrammed default
  1171                           ;	Brown-out Reset Enable bits
  1172                           ;	BOR = 0x3, unprogrammed default
  1173                           ;	Brown-out Reset Voltage bits
  1174                           ;	BORV = 0x3, unprogrammed default
  1175                           ;	USB Voltage Regulator Enable bit
  1176                           ;	VREGEN = 0x0, unprogrammed default
  1177  300002                     	org	3145730
  1178  300002  1F                 	db	31
  1179                           
  1180                           ;Config register CONFIG2H @ 0x300003
  1181                           ;	unspecified, using default values
  1182                           ;	Watchdog Timer Enable bit
  1183                           ;	WDT = 0x1, unprogrammed default
  1184                           ;	Watchdog Timer Postscale Select bits
  1185                           ;	WDTPS = 0xF, unprogrammed default
  1186  300003                     	org	3145731
  1187  300003  1F                 	db	31
  1188                           
  1189                           ; Padding undefined space
  1190  300004                     	org	3145732
  1191  300004  FF                 	db	255
  1192                           
  1193                           ;Config register CONFIG3H @ 0x300005
  1194                           ;	unspecified, using default values
  1195                           ;	CCP2 MUX bit
  1196                           ;	CCP2MX = 0x1, unprogrammed default
  1197                           ;	PORTB A/D Enable bit
  1198                           ;	PBADEN = 0x1, unprogrammed default
  1199                           ;	Low-Power Timer 1 Oscillator Enable bit
  1200                           ;	LPT1OSC = 0x0, unprogrammed default
  1201                           ;	MCLR Pin Enable bit
  1202                           ;	MCLRE = 0x1, unprogrammed default
  1203  300005                     	org	3145733
  1204  300005  83                 	db	131
  1205                           
  1206                           ;Config register CONFIG4L @ 0x300006
  1207                           ;	unspecified, using default values
  1208                           ;	Stack Full/Underflow Reset Enable bit
  1209                           ;	STVREN = 0x1, unprogrammed default
  1210                           ;	Single-Supply ICSP Enable bit
  1211                           ;	LVP = 0x1, unprogrammed default
  1212                           ;	Dedicated In-Circuit Debug/Programming Port (ICPORT) Enable bit
  1213                           ;	ICPRT = 0x0, unprogrammed default
  1214                           ;	Extended Instruction Set Enable bit
  1215                           ;	XINST = 0x0, unprogrammed default
  1216                           ;	Background Debugger Enable bit
  1217                           ;	DEBUG = 0x1, unprogrammed default
  1218  300006                     	org	3145734
  1219  300006  85                 	db	133
  1220                           
  1221                           ; Padding undefined space
  1222  300007                     	org	3145735
  1223  300007  FF                 	db	255
  1224                           
  1225                           ;Config register CONFIG5L @ 0x300008
  1226                           ;	unspecified, using default values
  1227                           ;	Code Protection bit
  1228                           ;	CP0 = 0x1, unprogrammed default
  1229                           ;	Code Protection bit
  1230                           ;	CP1 = 0x1, unprogrammed default
  1231                           ;	Code Protection bit
  1232                           ;	CP2 = 0x1, unprogrammed default
  1233                           ;	Code Protection bit
  1234                           ;	CP3 = 0x1, unprogrammed default
  1235  300008                     	org	3145736
  1236  300008  0F                 	db	15
  1237                           
  1238                           ;Config register CONFIG5H @ 0x300009
  1239                           ;	unspecified, using default values
  1240                           ;	Boot Block Code Protection bit
  1241                           ;	CPB = 0x1, unprogrammed default
  1242                           ;	Data EEPROM Code Protection bit
  1243                           ;	CPD = 0x1, unprogrammed default
  1244  300009                     	org	3145737
  1245  300009  C0                 	db	192
  1246                           
  1247                           ;Config register CONFIG6L @ 0x30000A
  1248                           ;	unspecified, using default values
  1249                           ;	Write Protection bit
  1250                           ;	WRT0 = 0x1, unprogrammed default
  1251                           ;	Write Protection bit
  1252                           ;	WRT1 = 0x1, unprogrammed default
  1253                           ;	Write Protection bit
  1254                           ;	WRT2 = 0x1, unprogrammed default
  1255                           ;	Write Protection bit
  1256                           ;	WRT3 = 0x1, unprogrammed default
  1257  30000A                     	org	3145738
  1258  30000A  0F                 	db	15
  1259                           
  1260                           ;Config register CONFIG6H @ 0x30000B
  1261                           ;	unspecified, using default values
  1262                           ;	Configuration Register Write Protection bit
  1263                           ;	WRTC = 0x1, unprogrammed default
  1264                           ;	Boot Block Write Protection bit
  1265                           ;	WRTB = 0x1, unprogrammed default
  1266                           ;	Data EEPROM Write Protection bit
  1267                           ;	WRTD = 0x1, unprogrammed default
  1268  30000B                     	org	3145739
  1269  30000B  E0                 	db	224
  1270                           
  1271                           ;Config register CONFIG7L @ 0x30000C
  1272                           ;	unspecified, using default values
  1273                           ;	Table Read Protection bit
  1274                           ;	EBTR0 = 0x1, unprogrammed default
  1275                           ;	Table Read Protection bit
  1276                           ;	EBTR1 = 0x1, unprogrammed default
  1277                           ;	Table Read Protection bit
  1278                           ;	EBTR2 = 0x1, unprogrammed default
  1279                           ;	Table Read Protection bit
  1280                           ;	EBTR3 = 0x1, unprogrammed default
  1281  30000C                     	org	3145740
  1282  30000C  0F                 	db	15
  1283                           
  1284                           ;Config register CONFIG7H @ 0x30000D
  1285                           ;	unspecified, using default values
  1286                           ;	Boot Block Table Read Protection bit
  1287                           ;	EBTRB = 0x1, unprogrammed default
  1288  30000D                     	org	3145741
  1289  30000D  40                 	db	64
  1290                           tosu	equ	0xFFF
  1291                           tosh	equ	0xFFE
  1292                           tosl	equ	0xFFD
  1293                           stkptr	equ	0xFFC
  1294                           pclatu	equ	0xFFB
  1295                           pclath	equ	0xFFA
  1296                           pcl	equ	0xFF9
  1297                           tblptru	equ	0xFF8
  1298                           tblptrh	equ	0xFF7
  1299                           tblptrl	equ	0xFF6
  1300                           tablat	equ	0xFF5
  1301                           prodh	equ	0xFF4
  1302                           prodl	equ	0xFF3
  1303                           indf0	equ	0xFEF
  1304                           postinc0	equ	0xFEE
  1305                           postdec0	equ	0xFED
  1306                           preinc0	equ	0xFEC
  1307                           plusw0	equ	0xFEB
  1308                           fsr0h	equ	0xFEA
  1309                           fsr0l	equ	0xFE9
  1310                           wreg	equ	0xFE8
  1311                           indf1	equ	0xFE7
  1312                           postinc1	equ	0xFE6
  1313                           postdec1	equ	0xFE5
  1314                           preinc1	equ	0xFE4
  1315                           plusw1	equ	0xFE3
  1316                           fsr1h	equ	0xFE2
  1317                           fsr1l	equ	0xFE1
  1318                           bsr	equ	0xFE0
  1319                           indf2	equ	0xFDF
  1320                           postinc2	equ	0xFDE
  1321                           postdec2	equ	0xFDD
  1322                           preinc2	equ	0xFDC
  1323                           plusw2	equ	0xFDB
  1324                           fsr2h	equ	0xFDA
  1325                           fsr2l	equ	0xFD9
  1326                           status	equ	0xFD8

Data Sizes:
    Strings     0
    Constant    0
    Data        0
    BSS         0
    Persistent  0
    Stack       0

Auto Spaces:
    Space          Size  Autos    Used
    COMRAM           95     46      46
    BANK0           160      0       0
    BANK1           256      0       0
    BANK2           256      0       0
    BANK3           256      0       0
    BANK4           256      0       0
    BANK5           256      0       0
    BANK6           256      0       0
    BANK7           256      0       0

Pointer List with Targets:

    None.

Critical Paths under _main in COMRAM

    _main->___xxtofl
    ___xxtofl->___awdiv
    ___awdiv->___wmul

Critical Paths under _main in BANK0

    None.

Critical Paths under _main in BANK1

    None.

Critical Paths under _main in BANK2

    None.

Critical Paths under _main in BANK3

    None.

Critical Paths under _main in BANK4

    None.

Critical Paths under _main in BANK5

    None.

Critical Paths under _main in BANK6

    None.

Critical Paths under _main in BANK7

    None.

Call Graph Tables:

 ---------------------------------------------------------------------------------
 (Depth) Function   	        Calls       Base Space   Used Autos Params    Refs
 ---------------------------------------------------------------------------------
 (0) _main                                                18    18      0    2284
                                             28 COMRAM    18    18      0
                            ___awdiv
                            ___fltol
                             ___wmul
                           ___xxtofl
 ---------------------------------------------------------------------------------
 (1) ___xxtofl                                            14    10      4     474
                                             14 COMRAM    14    10      4
                            ___awdiv (ARG)
                             ___wmul (ARG)
 ---------------------------------------------------------------------------------
 (1) ___wmul                                               6     2      4     615
                                              0 COMRAM     6     2      4
 ---------------------------------------------------------------------------------
 (1) ___fltol                                             10     6      4     381
                                              0 COMRAM    10     6      4
 ---------------------------------------------------------------------------------
 (1) ___awdiv                                              8     4      4     604
                                              6 COMRAM     8     4      4
                             ___wmul (ARG)
 ---------------------------------------------------------------------------------
 Estimated maximum stack depth 1
 ---------------------------------------------------------------------------------

 Call Graph Graphs:

 _main (ROOT)
   ___awdiv
     ___wmul (ARG)
   ___fltol
   ___wmul
   ___xxtofl
     ___awdiv (ARG)
       ___wmul (ARG)
     ___wmul (ARG)

 Address spaces:
Name               Size   Autos  Total    Cost      Usage
BITCOMRAM           5F      0       0       0        0.0%
EEDATA             100      0       0       0        0.0%
NULL                 0      0       0       0        0.0%
CODE                 0      0       0       0        0.0%
COMRAM              5F     2E      2E       1       48.4%
STACK                0      0       0       2        0.0%
DATA                 0      0       0       3        0.0%
BITBANK0            A0      0       0       4        0.0%
BANK0               A0      0       0       5        0.0%
BITBANK1           100      0       0       6        0.0%
BANK1              100      0       0       7        0.0%
BITBANK2           100      0       0       8        0.0%
BANK2              100      0       0       9        0.0%
BITBANK3           100      0       0      10        0.0%
BANK3              100      0       0      11        0.0%
BITBANK4           100      0       0      12        0.0%
BANK4              100      0       0      13        0.0%
BITBANK5           100      0       0      14        0.0%
BANK5              100      0       0      15        0.0%
BITBANK6           100      0       0      16        0.0%
BANK6              100      0       0      17        0.0%
BITBANK7           100      0       0      18        0.0%
BANK7              100      0       0      19        0.0%
ABS                  0      0       0      20        0.0%
BIGRAM             7FF      0       0      21        0.0%
BITSFR               0      0       0     200        0.0%
SFR                  0      0       0     200        0.0%


Microchip Technology PIC18 Macro Assembler V2.20 build 20200408173844 
Symbol Table                                                                                   Tue Sep 08 23:15:30 2020

                     l40 7EC8                       l48 7AA8             ___awdiv@sign 000C  
    ___wmul@multiplicand 0003                      l345 7C72                      l710 7D62  
                    l279 7B6C                      l703 7CCA                      l706 7E26  
                    l901 7AAA                      l717 7DBE                      l911 7AD6  
                    l903 7AAE                      l921 7B04                      l913 7ADE  
                    l905 7ABC                      l931 7B3E                      l923 7B0C  
                    l915 7AE2                      l907 7AC4                      l941 7B64  
                    l933 7B40                      l925 7B1A                      l917 7AEA  
                    l909 7AC8                      l935 7B46                      l927 7B20  
                    l919 7AFC                      l951 7B98                      l929 7B36  
                    l937 7B4C                      l961 7BE6                      l953 7BC2  
                    l945 7B6E                      l939 7B5C                      l971 7C12  
                    l955 7BC4                      l947 7B84                      l981 7C42  
                    l957 7BD4                      l983 7C52                      l967 7BFE  
                    l959 7BD8                      l895 7A84                      l991 7C86  
                    l985 7C62                      l977 7C26                      l969 7C08  
                    l897 7AA0                      l993 7C94                      l979 7C32  
                    l995 7CDA                      l997 7CF0                      l989 7C76  
                    u300 7B36                      u301 7B32                      u310 7B5C  
                    u311 7B58                      u320 7B84                      u400 7C94  
                    u321 7B80                      u401 7C90                      u330 7BB8  
                    u410 7CF0                      u411 7CEC                      u260 7ABC  
                    u340 7BE6                      u420 7D46                      u500 7FF8  
                    u261 7AB8                      u341 7BE2                      u421 7D42  
                    u501 7FF4                      u270 7AD6                      u350 7BFA  
                    u430 7D90                      u271 7AD2                      u351 7BF6  
                    u335 7BAE                      u431 7D8C                      u280 7AFC  
                    u360 7C22                      u440 7DAE                      u281 7AF8  
                    u361 7C1E                      u441 7DAA                      u290 7B1A  
                    u370 7C42                      u450 7DBE                      u291 7B16  
                    u371 7C3E                      u451 7DBA                      u380 7C52  
                    u460 7DCC                      u381 7C4E                      u461 7DC8  
                    u517 7FCA                      u470 7E06                      u390 7C86  
                    u471 7E02                      u391 7C82                      u527 7FE0  
                    u480 7E14                      u481 7E10                      u490 7EC2  
                    u491 7EBE                      wreg 000FE8             ___fltol@exp1 000A  
                   l1001 7D04                     l1011 7D58                     l1003 7D0C  
                   l1021 7DCE                     l1013 7D94                     l1005 7D18  
                   l1031 7E16                     l1023 7DD2                     l1015 7DA0  
                   l1007 7D4A                     l1025 7DF6                     l1017 7DAE  
                   l1009 7D4C                     l1041 7E98                     l1027 7E06  
                   l1019 7DCC                     l1051 7FBE                     l1043 7EC2  
                   l1035 7E28                     l1029 7E14                     l1061 7FD6  
                   l1053 7FC0                     l1045 7ECA                     l1037 7E58  
                   l1063 7FDA                     l1055 7FC4                     l1047 7F66  
                   l1039 7E92                     l1065 7FE8                     l1057 7FD2  
                   l1049 7F82                     l1059 7FD4                     l1067 7FEA  
                   _main 7E28                     prodh 000FF4                     prodl 000FF3  
                   start 0000             ___param_bank 000000            ___fltol@sign1 0009  
                  ?_main 0001          __end_of___awdiv 7B6E          __end_of___fltol 7C74  
        ___awdiv@divisor 0009          ___awdiv@counter 000B                    _PORTA 000F80  
                  _PORTC 000F82                    _PORTD 000F83                    _TRISA 000F92  
                  _TRISC 000F94                    _TRISD 000F95                    main@d 0029  
                  status 000FD8          __initialization 7A7E             __end_of_main 8000  
                 ??_main 001D            __activetblptr 000000                   _ADCON0 000FC2  
                 _ADCON1 000FC1                   _ADCON2 000FC0                   _ADRESH 000FC4  
                 _ADRESL 000FC3         ___awdiv@dividend 0007         __end_of___xxtofl 7E28  
                 ___wmul 7A84                ??___awdiv 000B                ??___fltol 0005  
       ___awdiv@quotient 000D                   main@rg 002D             ___xxtofl@arg 0019  
           ___xxtofl@exp 0018             ___xxtofl@val 000F               __accesstop 0060  
__end_of__initialization 7A7E            ___rparam_used 000001               ___fltol@f1 0001  
         __pcstackCOMRAM 0001                  ?___wmul 0001                ?___xxtofl 000F  
                __Hparam 0000                  __Lparam 0000                  ___awdiv 7AAA  
                ___fltol 7B6E          __size_of___wmul 0026                  __pcinit 7A7E  
                __ramtop 0800                  __ptext0 7E28                  __ptext1 7C74  
                __ptext2 7A84                  __ptext3 7B6E                  __ptext4 7AAA  
             ??___xxtofl 0013                  main@ped 0027                  main@peu 002B  
                main@tot 0023     end_of_initialization 7A7E                _PORTAbits 000F80  
              _PORTCbits 000F82            ___xxtofl@sign 0017           __end_of___wmul 7AAA  
    start_initialization 7A7E                 ??___wmul 0005        __size_of___xxtofl 01B4  
               ?___awdiv 0007                 ?___fltol 0001           ___wmul@product 0005  
             _ADCON0bits 000FC2        ___wmul@multiplier 0001                main@total 001F  
               __Hrparam 0000                 __Lrparam 0000         __size_of___awdiv 00C4  
       __size_of___fltol 0106                 ___xxtofl 7C74            __size_of_main 01D8  
             _OSCCONbits 000FD3  
